0 info it worked if it ends with ok
1 verbose cli [ '/usr/local/Cellar/node/4.2.1/bin/node',
1 verbose cli   '/usr/local/bin/npm',
1 verbose cli   'install',
1 verbose cli   '-g',
1 verbose cli   '--force',
1 verbose cli   'nodemon' ]
2 info using npm@2.14.7
3 info using node@v4.2.1
4 warn using --force I sure hope you know what you are doing.
5 verbose install initial load of /usr/local/lib/package.json
6 verbose readDependencies loading dependencies from /usr/local/lib/package.json
7 silly cache add args [ 'nodemon', null ]
8 verbose cache add spec nodemon
9 silly cache add parsed spec Result {
9 silly cache add   raw: 'nodemon',
9 silly cache add   scope: null,
9 silly cache add   name: 'nodemon',
9 silly cache add   rawSpec: '',
9 silly cache add   spec: '*',
9 silly cache add   type: 'range' }
10 silly addNamed nodemon@*
11 verbose addNamed "*" is a valid semver range for nodemon
12 silly addNameRange { name: 'nodemon', range: '*', hasData: false }
13 silly mapToRegistry name nodemon
14 silly mapToRegistry using default registry
15 silly mapToRegistry registry https://registry.npmjs.org/
16 silly mapToRegistry uri https://registry.npmjs.org/nodemon
17 verbose addNameRange registry:https://registry.npmjs.org/nodemon not in flight; fetching
18 verbose request uri https://registry.npmjs.org/nodemon
19 verbose request no auth needed
20 info attempt registry request try #1 at 9:54:27 PM
21 verbose request id 2feb5cc3b1a0366b
22 verbose etag "AWFVKHII20DCF0L3ASVL6VOWC"
23 http request GET https://registry.npmjs.org/nodemon
24 http 304 https://registry.npmjs.org/nodemon
25 verbose headers { date: 'Sat, 26 Mar 2016 04:54:27 GMT',
25 verbose headers   via: '1.1 varnish',
25 verbose headers   'cache-control': 'max-age=300',
25 verbose headers   etag: '"AWFVKHII20DCF0L3ASVL6VOWC"',
25 verbose headers   age: '0',
25 verbose headers   connection: 'keep-alive',
25 verbose headers   'x-served-by': 'cache-sjc3123-SJC',
25 verbose headers   'x-cache': 'HIT',
25 verbose headers   'x-cache-hits': '1',
25 verbose headers   'x-timer': 'S1458968067.246870,VS0,VE192',
25 verbose headers   vary: 'Accept' }
26 silly get cb [ 304,
26 silly get   { date: 'Sat, 26 Mar 2016 04:54:27 GMT',
26 silly get     via: '1.1 varnish',
26 silly get     'cache-control': 'max-age=300',
26 silly get     etag: '"AWFVKHII20DCF0L3ASVL6VOWC"',
26 silly get     age: '0',
26 silly get     connection: 'keep-alive',
26 silly get     'x-served-by': 'cache-sjc3123-SJC',
26 silly get     'x-cache': 'HIT',
26 silly get     'x-cache-hits': '1',
26 silly get     'x-timer': 'S1458968067.246870,VS0,VE192',
26 silly get     vary: 'Accept' } ]
27 verbose etag https://registry.npmjs.org/nodemon from cache
28 verbose get saving nodemon to /Users/zoharmuzafi/.npm/registry.npmjs.org/nodemon/.cache.json
29 silly addNameRange number 2 { name: 'nodemon', range: '*', hasData: true }
30 silly addNameRange versions [ 'nodemon',
30 silly addNameRange   [ '0.1.4',
30 silly addNameRange     '0.1.5',
30 silly addNameRange     '0.1.6',
30 silly addNameRange     '0.1.7',
30 silly addNameRange     '0.1.8',
30 silly addNameRange     '0.2.0',
30 silly addNameRange     '0.2.1',
30 silly addNameRange     '0.2.2',
30 silly addNameRange     '0.3.0',
30 silly addNameRange     '0.3.1',
30 silly addNameRange     '0.3.2',
30 silly addNameRange     '0.4.0',
30 silly addNameRange     '0.4.1',
30 silly addNameRange     '0.5.0',
30 silly addNameRange     '0.5.1',
30 silly addNameRange     '0.5.2',
30 silly addNameRange     '0.5.3',
30 silly addNameRange     '0.5.4',
30 silly addNameRange     '0.5.5',
30 silly addNameRange     '0.5.6',
30 silly addNameRange     '0.5.7',
30 silly addNameRange     '0.6.0',
30 silly addNameRange     '0.6.1',
30 silly addNameRange     '0.6.2',
30 silly addNameRange     '0.6.3',
30 silly addNameRange     '0.6.4',
30 silly addNameRange     '0.6.5',
30 silly addNameRange     '0.6.6',
30 silly addNameRange     '0.6.7',
30 silly addNameRange     '0.6.8',
30 silly addNameRange     '0.6.9',
30 silly addNameRange     '0.6.10',
30 silly addNameRange     '0.6.11',
30 silly addNameRange     '0.6.12',
30 silly addNameRange     '0.6.13',
30 silly addNameRange     '0.6.14',
30 silly addNameRange     '0.6.15',
30 silly addNameRange     '0.6.16',
30 silly addNameRange     '0.6.17',
30 silly addNameRange     '0.6.18',
30 silly addNameRange     '0.6.19',
30 silly addNameRange     '0.6.20',
30 silly addNameRange     '0.6.21',
30 silly addNameRange     '0.6.22',
30 silly addNameRange     '0.6.23',
30 silly addNameRange     '0.7.0',
30 silly addNameRange     '0.7.1',
30 silly addNameRange     '0.7.2',
30 silly addNameRange     '0.7.3',
30 silly addNameRange     '0.7.4',
30 silly addNameRange     '0.7.5',
30 silly addNameRange     '0.7.6',
30 silly addNameRange     '0.7.7',
30 silly addNameRange     '0.7.8',
30 silly addNameRange     '0.7.10',
30 silly addNameRange     '0.9.0',
30 silly addNameRange     '0.9.1',
30 silly addNameRange     '0.9.2',
30 silly addNameRange     '0.9.3',
30 silly addNameRange     '0.9.5',
30 silly addNameRange     '0.9.6',
30 silly addNameRange     '0.9.7',
30 silly addNameRange     '0.9.10',
30 silly addNameRange     '0.9.11',
30 silly addNameRange     '0.9.12',
30 silly addNameRange     '0.9.14',
30 silly addNameRange     '0.9.16',
30 silly addNameRange     '0.9.17',
30 silly addNameRange     '1.0.0',
30 silly addNameRange     '1.0.1',
30 silly addNameRange     '1.0.2',
30 silly addNameRange     '1.0.2-rc',
30 silly addNameRange     '0.6.10-a',
30 silly addNameRange     '1.0.2-rc3',
30 silly addNameRange     '1.0.2-rc4',
30 silly addNameRange     '1.0.3',
30 silly addNameRange     '1.0.4',
30 silly addNameRange     '1.0.5',
30 silly addNameRange     '1.0.6',
30 silly addNameRange     '1.0.7',
30 silly addNameRange     '1.0.8',
30 silly addNameRange     '1.0.9',
30 silly addNameRange     '1.0.10',
30 silly addNameRange     '1.0.11',
30 silly addNameRange     '1.0.12',
30 silly addNameRange     '1.0.13',
30 silly addNameRange     '1.0.14',
30 silly addNameRange     '1.0.15',
30 silly addNameRange     '1.0.16',
30 silly addNameRange     '1.0.17-rc1',
30 silly addNameRange     '1.0.17-rc2',
30 silly addNameRange     '1.0.17',
30 silly addNameRange     '1.0.18',
30 silly addNameRange     '1.0.19',
30 silly addNameRange     '1.0.20',
30 silly addNameRange     '1.1.0-alpha',
30 silly addNameRange     '1.1.0',
30 silly addNameRange     '1.1.1',
30 silly addNameRange     '1.2.0',
30 silly addNameRange     '1.2.1',
30 silly addNameRange     '1.3.0-0',
30 silly addNameRange     '1.3.0-1',
30 silly addNameRange     '1.3.0-2',
30 silly addNameRange     '1.3.0-3',
30 silly addNameRange     '1.3.0-4',
30 silly addNameRange     '1.3.0-5',
30 silly addNameRange     '1.3.0-6',
30 silly addNameRange     '1.3.0-7',
30 silly addNameRange     '1.3.0',
30 silly addNameRange     '1.3.1',
30 silly addNameRange     '1.3.2',
30 silly addNameRange     '1.3.3',
30 silly addNameRange     '1.3.5',
30 silly addNameRange     '1.3.6',
30 silly addNameRange     '1.3.7',
30 silly addNameRange     '1.3.8',
30 silly addNameRange     '1.4.0',
30 silly addNameRange     '1.4.1',
30 silly addNameRange     '1.5.0-alpha1',
30 silly addNameRange     '1.5.0-alpha2',
30 silly addNameRange     '1.5.0-alpha3',
30 silly addNameRange     '1.5.0-alpha4',
30 silly addNameRange     '1.4.2',
30 silly addNameRange     '1.5.0',
30 silly addNameRange     '1.5.1',
30 silly addNameRange     '1.6.0',
30 silly addNameRange     '1.6.1',
30 silly addNameRange     '1.7.0',
30 silly addNameRange     '1.7.1',
30 silly addNameRange     '1.7.2',
30 silly addNameRange     '1.7.3',
30 silly addNameRange     '1.8.0',
30 silly addNameRange     '1.8.1',
30 silly addNameRange     '1.9.0',
30 silly addNameRange     '1.9.1' ] ]
31 silly addNamed nodemon@1.9.1
32 verbose addNamed "1.9.1" is a plain semver version for nodemon
33 silly mapToRegistry name nodemon
34 silly mapToRegistry using default registry
35 silly mapToRegistry registry https://registry.npmjs.org/
36 silly mapToRegistry uri https://registry.npmjs.org/nodemon
37 verbose addRemoteTarball https://registry.npmjs.org/nodemon/-/nodemon-1.9.1.tgz not in flight; adding
38 verbose addRemoteTarball [ 'https://registry.npmjs.org/nodemon/-/nodemon-1.9.1.tgz',
38 verbose addRemoteTarball   '442071f88c39d801fb0bdfd209413da5dce6dad3' ]
39 info retry fetch attempt 1 at 9:54:27 PM
40 info attempt registry request try #1 at 9:54:27 PM
41 http fetch GET https://registry.npmjs.org/nodemon/-/nodemon-1.9.1.tgz
42 http fetch 200 https://registry.npmjs.org/nodemon/-/nodemon-1.9.1.tgz
43 silly fetchAndShaCheck shasum 442071f88c39d801fb0bdfd209413da5dce6dad3
44 verbose addTmpTarball /var/folders/ly/wkb3fs293h16krcdwm6mkx040000gn/T/npm-80926-27a1e736/registry.npmjs.org/nodemon/-/nodemon-1.9.1.tgz not in flight; adding
45 verbose addTmpTarball already have metadata; skipping unpack for nodemon@1.9.1
46 silly cache afterAdd nodemon@1.9.1
47 verbose afterAdd /Users/zoharmuzafi/.npm/nodemon/1.9.1/package/package.json not in flight; writing
48 verbose afterAdd /Users/zoharmuzafi/.npm/nodemon/1.9.1/package/package.json written
49 silly install resolved [ { name: 'nodemon',
49 silly install resolved     homepage: 'http://nodemon.io',
49 silly install resolved     author: { name: 'Remy Sharp', url: 'http://github.com/remy' },
49 silly install resolved     bin: { nodemon: './bin/nodemon.js' },
49 silly install resolved     engines: { node: '>=0.8' },
49 silly install resolved     repository: { type: 'git', url: 'git+https://github.com/remy/nodemon.git' },
49 silly install resolved     description: 'Simple monitor script for use during development of a node.js app.',
49 silly install resolved     keywords:
49 silly install resolved      [ 'monitor',
49 silly install resolved        'development',
49 silly install resolved        'restart',
49 silly install resolved        'autoload',
49 silly install resolved        'reload',
49 silly install resolved        'terminal' ],
49 silly install resolved     license: 'MIT',
49 silly install resolved     main: './lib/nodemon',
49 silly install resolved     scripts:
49 silly install resolved      { coverage: 'istanbul cover _mocha -- --timeout 30000 --ui bdd --reporter list test/**/*.test.js',
49 silly install resolved        lint: 'jscs lib/**/*.js -v',
49 silly install resolved        ':spec': 'mocha --timeout 30000 --ui bdd test/**/*.test.js',
49 silly install resolved        test: 'npm run lint && npm run spec',
49 silly install resolved        spec: 'for FILE in test/**/*.test.js; do echo $FILE; ./node_modules/.bin/mocha --timeout 30000 $FILE; if [ $? -ne 0 ]; then exit 1; fi; sleep 1; done',
49 silly install resolved        web: 'node web',
49 silly install resolved        'semantic-release': 'semantic-release pre && npm publish && semantic-release post' },
49 silly install resolved     devDependencies:
49 silly install resolved      { async: '1.4.2',
49 silly install resolved        'coffee-script': '~1.7.1',
49 silly install resolved        connect: '~2.19.1',
49 silly install resolved        istanbul: '~0.2.10',
49 silly install resolved        jscs: '2.1.1',
49 silly install resolved        mocha: '2.3.3',
49 silly install resolved        should: '~4.0.0',
49 silly install resolved        'semantic-release': '4.3.5' },
49 silly install resolved     dependencies:
49 silly install resolved      { chokidar: '^1.2.0',
49 silly install resolved        debug: '^2.2.0',
49 silly install resolved        'es6-promise': '^3.0.2',
49 silly install resolved        'ignore-by-default': '^1.0.0',
49 silly install resolved        'lodash.defaults': '^3.1.2',
49 silly install resolved        minimatch: '^3.0.0',
49 silly install resolved        'ps-tree': '^1.0.1',
49 silly install resolved        touch: '1.0.0',
49 silly install resolved        undefsafe: '0.0.3',
49 silly install resolved        'update-notifier': '0.5.0' },
49 silly install resolved     version: '1.9.1',
49 silly install resolved     gitHead: '6ccb29864c7a17b578a5a09b9a2dd382bbb41066',
49 silly install resolved     bugs: { url: 'https://github.com/remy/nodemon/issues' },
49 silly install resolved     _id: 'nodemon@1.9.1',
49 silly install resolved     _shasum: '442071f88c39d801fb0bdfd209413da5dce6dad3',
49 silly install resolved     _from: 'nodemon@*',
49 silly install resolved     _npmVersion: '2.14.20',
49 silly install resolved     _nodeVersion: '5.7.0',
49 silly install resolved     _npmUser: { name: 'remy', email: 'remy@leftlogic.com' },
49 silly install resolved     dist:
49 silly install resolved      { shasum: '442071f88c39d801fb0bdfd209413da5dce6dad3',
49 silly install resolved        tarball: 'http://registry.npmjs.org/nodemon/-/nodemon-1.9.1.tgz' },
49 silly install resolved     maintainers: [ [Object] ],
49 silly install resolved     _npmOperationalInternal:
49 silly install resolved      { host: 'packages-9-west.internal.npmjs.com',
49 silly install resolved        tmp: 'tmp/nodemon-1.9.1.tgz_1456434782204_0.8090351007413119' },
49 silly install resolved     directories: {},
49 silly install resolved     _resolved: 'https://registry.npmjs.org/nodemon/-/nodemon-1.9.1.tgz' } ]
50 info install nodemon@1.9.1 into /usr/local/lib
51 info installOne nodemon@1.9.1
52 verbose installOne of nodemon to /usr/local/lib not in flight; installing
53 verbose lock using /Users/zoharmuzafi/.npm/_locks/nodemon-49f7ed19e778991e.lock for /usr/local/lib/node_modules/nodemon
54 silly install write writing nodemon 1.9.1 to /usr/local/lib/node_modules/nodemon
55 verbose unbuild lib/node_modules/nodemon
56 info preuninstall nodemon@1.8.1
57 info uninstall nodemon@1.8.1
58 verbose unbuild rmStuff nodemon@1.8.1 from /usr/local/lib/node_modules
59 silly gentlyRm /usr/local/bin/nodemon is being gently removed
60 silly gentlyRm verifying /usr/local is an npm working directory
61 silly gentlyRm containing path /usr/local is under npm's control, in /usr/local
62 silly gentlyRm deletion target /usr/local/bin/nodemon is under /usr/local
63 verbose gentlyRm vacuuming from /usr/local/bin/nodemon up to /usr/local
64 info postuninstall nodemon@1.8.1
65 silly gentlyRm /usr/local/lib/node_modules/nodemon is being purged from base /usr/local
66 verbose gentlyRm don't care about contents; nuking /usr/local/lib/node_modules/nodemon
67 silly vacuum-fs purging /usr/local/lib/node_modules/nodemon
68 verbose unlock done using /Users/zoharmuzafi/.npm/_locks/nodemon-49f7ed19e778991e.lock for /usr/local/lib/node_modules/nodemon
69 verbose stack Error: EACCES: permission denied, unlink '/usr/local/lib/node_modules/nodemon/.jscsrc'
69 verbose stack     at Error (native)
70 verbose cwd /Users/zoharmuzafi/projects/colourloversapp
71 error Darwin 14.5.0
72 error argv "/usr/local/Cellar/node/4.2.1/bin/node" "/usr/local/bin/npm" "install" "-g" "--force" "nodemon"
73 error node v4.2.1
74 error npm  v2.14.7
75 error path /usr/local/lib/node_modules/nodemon/.jscsrc
76 error code EACCES
77 error errno -13
78 error syscall unlink
79 error Error: EACCES: permission denied, unlink '/usr/local/lib/node_modules/nodemon/.jscsrc'
79 error     at Error (native)
79 error  { [Error: EACCES: permission denied, unlink '/usr/local/lib/node_modules/nodemon/.jscsrc']
79 error   errno: -13,
79 error   code: 'EACCES',
79 error   syscall: 'unlink',
79 error   path: '/usr/local/lib/node_modules/nodemon/.jscsrc' }
80 error Please try running this command again as root/Administrator.
81 verbose exit [ -13, true ]
82 verbose unbuild lib/node_modules/nodemon
83 info preuninstall nodemon@1.8.1
84 info uninstall nodemon@1.8.1
85 verbose unbuild rmStuff nodemon@1.8.1 from /usr/local/lib/node_modules
86 silly gentlyRm /usr/local/bin/nodemon is being gently removed
87 silly gentlyRm verifying /usr/local is an npm working directory
88 silly gentlyRm containing path /usr/local is under npm's control, in /usr/local
89 silly gentlyRm deletion target /usr/local/bin/nodemon is under /usr/local
90 verbose gentlyRm vacuuming from /usr/local/bin/nodemon up to /usr/local
91 info postuninstall nodemon@1.8.1
92 silly gentlyRm /usr/local/lib/node_modules/nodemon is being purged from base /usr/local
93 verbose gentlyRm don't care about contents; nuking /usr/local/lib/node_modules/nodemon
94 silly vacuum-fs purging /usr/local/lib/node_modules/nodemon
95 error error rolling back Error: EACCES: permission denied, unlink '/usr/local/lib/node_modules/nodemon/.jscsrc'
95 error error rolling back     at Error (native)
95 error error rolling back  { [Error: EACCES: permission denied, unlink '/usr/local/lib/node_modules/nodemon/.jscsrc']
95 error error rolling back   errno: -13,
95 error error rolling back   code: 'EACCES',
95 error error rolling back   syscall: 'unlink',
95 error error rolling back   path: '/usr/local/lib/node_modules/nodemon/.jscsrc' }
